emoji/build/intermediates/manifest_merge_blame_file/debug/manifest-merger-blame-debug-report.txt
1<?xml version="1.0" encoding="utf-8"?>
2<manifest xmlns:android="http://schemas.android.com/apk/res/android"
3    package="github.custom.emojicon" >
4
5    <uses-sdk
5-->src\main\AndroidManifest.xml:4:5-46
6        android:minSdkVersion="1"
6-->src\main\AndroidManifest.xml:4:5-46
7        android:targetSdkVersion="29" />
7-->src\main\AndroidManifest.xml:4:15-44
8
9    <application
9-->src\main\AndroidManifest.xml:6:5-10:19
10        android:allowBackup="true"
10-->src\main\AndroidManifest.xml:6:18-44
11        android:label="@string/app_name" >
11-->src\main\AndroidManifest.xml:7:9-41
12
13        <!-- android:icon="@drawable/ic_launcher"> -->
14
15    </application>
16
17</manifest>